<?xml version="1.0" encoding="UTF-8"?>
<testsuite name="testing.TestRecordA" tests="6" skipped="0" failures="0" errors="0" timestamp="2021-11-27T06:50:51" hostname="MacBook.local" time="0.006">
  <properties/>
  <testcase name="testSetCasesTotal" classname="testing.TestRecordA" time="0.002"/>
  <testcase name="testSetCountry" classname="testing.TestRecordA" time="0.001"/>
  <testcase name="testSetCasesPerM" classname="testing.TestRecordA" time="0.0"/>
  <testcase name="testGetCountry" classname="testing.TestRecordA" time="0.0"/>
  <testcase name="testGetCasesTotal" classname="testing.TestRecordA" time="0.0"/>
  <testcase name="testGetCasesPerM" classname="testing.TestRecordA" time="0.002"/>
  <system-out><![CDATA[]]></system-out>
  <system-err><![CDATA[]]></system-err>
</testsuite>
